TN:
SF:src/detector.ts
FN:20,detect
FN:35,getParserForEngine
FNF:2
FNH:2
FNDA:50,detect
FNDA:18,getParserForEngine
DA:1,4
DA:4,4
DA:5,4
DA:6,4
DA:14,4
DA:20,4
DA:21,50
DA:22,50
DA:24,50
DA:25,150
DA:26,150
DA:27,48
DA:31,50
DA:32,2
DA:35,4
DA:36,18
DA:41,18
LF:17
LH:17
BRDA:26,0,0,48
BRDA:26,1,0,78
BRDA:26,1,1,72
BRDA:26,2,0,150
BRDA:26,2,1,150
BRDA:26,3,0,72
BRDA:26,3,1,78
BRDA:26,4,0,150
BRDA:26,4,1,78
BRDA:31,5,0,48
BRDA:31,6,0,50
BRDA:31,6,1,48
BRF:12
BRH:12
end_of_record
TN:
SF:src/index.ts
FN:1,(anonymous_0)
FN:2,(anonymous_1)
FN:2,(anonymous_2)
FN:3,(anonymous_3)
FN:4,(anonymous_4)
FN:5,(anonymous_5)
FN:6,(anonymous_6)
FN:7,(anonymous_7)
FNF:8
FNH:8
FNDA:2,(anonymous_0)
FNDA:1,(anonymous_1)
FNDA:4,(anonymous_2)
FNDA:2,(anonymous_3)
FNDA:2,(anonymous_4)
FNDA:2,(anonymous_5)
FNDA:1,(anonymous_6)
FNDA:1,(anonymous_7)
DA:1,3
DA:2,5
DA:3,3
DA:4,3
DA:5,3
DA:6,2
DA:7,2
LF:7
LH:7
BRF:0
BRH:0
end_of_record
TN:
SF:src/scraper.ts
FN:7,(anonymous_0)
FNF:1
FNH:1
FNDA:50,(anonymous_0)
DA:1,3
DA:2,3
DA:3,3
DA:6,3
DA:11,50
DA:12,50
DA:16,50
DA:17,15
DA:18,15
DA:20,35
DA:21,35
DA:22,1
DA:26,34
DA:29,49
LF:14
LH:14
BRDA:11,0,0,21
BRDA:11,0,1,29
BRDA:11,1,0,50
BRDA:11,1,1,50
BRDA:12,2,0,14
BRDA:12,2,1,36
BRDA:12,3,0,50
BRDA:12,3,1,50
BRDA:12,4,0,21
BRDA:12,4,1,29
BRDA:12,5,0,50
BRDA:12,5,1,50
BRDA:16,6,0,15
BRDA:16,6,1,35
BRDA:21,7,0,1
BRDA:29,8,0,14
BRDA:29,8,1,35
BRF:17
BRH:17
end_of_record
TN:
SF:src/formatters/json.ts
FN:3,formatJSON
FNF:1
FNH:1
FNDA:36,formatJSON
DA:3,4
DA:4,36
LF:2
LH:2
BRF:0
BRH:0
end_of_record
TN:
SF:src/formatters/markdown.ts
FN:3,formatMarkdown
FN:19,(anonymous_1)
FN:20,(anonymous_2)
FN:22,(anonymous_3)
FN:60,capitalize
FN:64,domainOf
FN:72,formatType
FNF:7
FNH:7
FNDA:24,formatMarkdown
FNDA:81,(anonymous_1)
FNDA:81,(anonymous_2)
FNDA:81,(anonymous_3)
FNDA:24,capitalize
FNDA:3,domainOf
FNDA:2,formatType
DA:3,4
DA:4,24
DA:7,24
DA:10,24
DA:11,24
DA:12,24
DA:13,23
DA:15,24
DA:16,24
DA:19,81
DA:20,81
DA:21,24
DA:22,81
DA:25,24
DA:26,4
DA:27,4
DA:28,4
DA:29,4
DA:30,4
DA:31,4
DA:33,4
DA:36,24
DA:37,18
DA:38,18
DA:39,75
DA:40,75
DA:41,75
DA:43,18
DA:46,24
DA:47,2
DA:48,2
DA:49,2
DA:50,2
DA:51,2
DA:52,2
DA:54,2
DA:57,24
DA:61,24
DA:65,3
DA:66,3
DA:68,1
DA:73,2
LF:42
LH:42
BRDA:7,0,0,23
BRDA:7,0,1,1
BRDA:12,1,0,23
BRDA:22,2,0,81
BRDA:22,2,1,6
BRDA:25,3,0,4
BRDA:29,4,0,4
BRDA:30,5,0,3
BRDA:36,6,0,18
BRDA:40,7,0,66
BRDA:46,8,0,2
BRDA:50,9,0,2
BRDA:51,10,0,1
BRF:13
BRH:13
end_of_record
TN:
SF:src/parsers/bing.ts
FN:6,(anonymous_9)
FN:9,(anonymous_10)
FN:21,(anonymous_11)
FN:32,(anonymous_12)
FN:39,(anonymous_13)
FNF:5
FNH:5
FNDA:24,(anonymous_9)
FNDA:58,(anonymous_10)
FNDA:11,(anonymous_11)
FNDA:8,(anonymous_12)
FNDA:48,(anonymous_13)
DA:1,6
DA:6,6
DA:7,24
DA:10,58
DA:12,58
DA:13,58
DA:15,58
DA:16,58
DA:18,58
DA:22,11
DA:23,11
DA:25,2
DA:26,2
DA:27,2
DA:29,1
DA:33,8
DA:34,8
DA:35,8
DA:36,8
DA:37,8
DA:39,8
DA:40,48
DA:41,48
DA:42,48
DA:43,48
DA:44,48
DA:46,48
DA:47,48
DA:58,8
LF:29
LH:29
BRDA:13,0,0,7
BRDA:15,1,0,14
BRDA:16,2,0,14
BRDA:23,3,0,9
BRDA:27,4,0,1
BRDA:43,5,0,48
BRDA:43,5,1,0
BRDA:44,6,0,48
BRDA:44,6,1,16
BRDA:46,7,0,48
BRDA:46,8,0,48
BRDA:46,8,1,48
BRF:12
BRH:11
end_of_record
TN:
SF:src/parsers/duckduckgo.ts
FN:6,(anonymous_9)
FN:9,(anonymous_10)
FN:24,(anonymous_11)
FN:42,(anonymous_12)
FN:49,(anonymous_13)
FNF:5
FNH:5
FNDA:24,(anonymous_9)
FNDA:58,(anonymous_10)
FNDA:12,(anonymous_11)
FNDA:8,(anonymous_12)
FNDA:28,(anonymous_13)
DA:1,6
DA:6,6
DA:7,24
DA:10,58
DA:12,58
DA:13,58
DA:15,58
DA:16,58
DA:18,58
DA:19,58
DA:21,58
DA:25,12
DA:26,12
DA:28,3
DA:29,3
DA:30,2
DA:31,2
DA:32,1
DA:33,1
DA:39,2
DA:43,8
DA:44,8
DA:45,8
DA:46,8
DA:47,8
DA:49,8
DA:50,28
DA:51,28
DA:52,28
DA:53,28
DA:55,28
DA:57,28
DA:58,28
DA:69,8
LF:34
LH:34
BRDA:13,0,0,14
BRDA:13,1,0,58
BRDA:13,1,1,14
BRDA:16,2,0,14
BRDA:16,3,0,58
BRDA:16,3,1,14
BRDA:18,4,0,14
BRDA:19,5,0,14
BRDA:26,6,0,9
BRDA:29,7,0,2
BRDA:33,8,0,1
BRDA:53,9,0,28
BRDA:53,9,1,0
BRDA:55,10,0,28
BRDA:55,10,1,0
BRDA:57,11,0,28
BRDA:57,12,0,28
BRDA:57,12,1,28
BRF:18
BRH:16
end_of_record
TN:
SF:src/parsers/google.ts
FN:7,(anonymous_9)
FN:10,(anonymous_10)
FN:34,(anonymous_11)
FN:47,(anonymous_12)
FN:77,(anonymous_13)
FN:86,(anonymous_14)
FN:106,(anonymous_15)
FN:107,(anonymous_16)
FN:126,(anonymous_17)
FN:172,(anonymous_18)
FNF:10
FNH:10
FNDA:25,(anonymous_9)
FNDA:103,(anonymous_10)
FNDA:56,(anonymous_11)
FNDA:53,(anonymous_12)
FNDA:575,(anonymous_13)
FNDA:41,(anonymous_14)
FNDA:50,(anonymous_15)
FNDA:9,(anonymous_16)
FNDA:575,(anonymous_17)
FNDA:41,(anonymous_18)
DA:1,6
DA:7,6
DA:8,25
DA:11,103
DA:14,103
DA:15,103
DA:18,103
DA:21,103
DA:22,103
DA:25,103
DA:28,103
DA:29,103
DA:31,103
DA:36,56
DA:37,56
DA:40,20
DA:41,20
DA:42,20
DA:44,9
DA:48,53
DA:49,53
DA:50,53
DA:51,53
DA:52,53
DA:55,53
DA:56,53
DA:60,3
DA:72,50
DA:75,50
DA:76,50
DA:77,25
DA:78,575
DA:79,575
DA:80,180
DA:81,180
DA:86,25
DA:87,41
DA:88,41
DA:89,40
DA:90,40
DA:95,50
DA:107,50
DA:108,9
DA:109,9
DA:110,9
DA:111,9
DA:113,9
DA:114,4
DA:127,575
DA:130,575
DA:131,575
DA:135,575
DA:138,205
DA:139,205
DA:140,205
DA:143,180
DA:144,180
DA:154,180
DA:155,195
DA:156,195
DA:157,180
DA:158,180
DA:162,180
DA:173,41
DA:174,41
DA:175,41
DA:176,41
DA:178,41
DA:180,40
LF:69
LH:69
BRDA:15,0,0,28
BRDA:18,1,0,45
BRDA:22,2,0,80
BRDA:25,3,0,4
BRDA:28,4,0,73
BRDA:29,5,0,74
BRDA:29,6,0,103
BRDA:29,6,1,74
BRDA:37,7,0,36
BRDA:42,8,0,11
BRDA:56,9,0,3
BRDA:57,10,0,53
BRDA:57,10,1,53
BRDA:76,11,0,25
BRDA:76,11,1,25
BRDA:79,12,0,180
BRDA:88,13,0,40
BRDA:110,14,0,9
BRDA:110,14,1,0
BRDA:111,15,0,9
BRDA:111,15,1,9
BRDA:113,16,0,4
BRDA:113,17,0,9
BRDA:113,17,1,4
BRDA:131,18,0,205
BRDA:131,18,1,370
BRDA:135,19,0,370
BRDA:139,20,0,205
BRDA:139,20,1,25
BRDA:140,21,0,25
BRDA:156,22,0,180
BRDA:157,23,0,180
BRDA:157,23,1,0
BRDA:158,24,0,180
BRDA:175,25,0,41
BRDA:175,25,1,1
BRDA:176,26,0,41
BRDA:176,26,1,1
BRDA:178,27,0,1
BRDA:178,28,0,41
BRDA:178,28,1,40
BRF:41
BRH:39
end_of_record
